Can't open jigtest.cfg
Can't open jigtest.cfg
Warning: Unable to open main config file: jigtest.cfg
Logging set up
JigTest Copyright 2007 Danny Chapman: danny@rowlhouse.freeserve.co.uk
This comes with ABSOLUTELY NO WARRANTY;
This is free software, and you are welcome to redistribute it
under certain conditions; see the GNU General Public License
Version compiled 12:19:40 Apr 26 2007
.\physics\src\physicssystem.cpp:41: [0012FD1C]: 
.\framework\rendermanager.cpp:23: [0012FDB8]: 
.\physics\src\constraint.cpp:20: [0012FDE8]: 
.\physics\src\constraintvelocity.cpp:30: [0012FDE8]: 
.\physics\src\constraintvelocity.cpp:52: [0012FDE8]: 
.\physics\src\constraint.cpp:20: [0012FE44]: 
.\physics\src\constraintworldpoint.cpp:33: [0012FE44]: 
.\physics\src\constraintworldpoint.cpp:54: [0012FE44]: 
.\physics\src\constraint.cpp:20: [0012FE68]: 
.\physics\src\constraintvelocity.cpp:30: [0012FE68]: 
.\physics\src\constraintvelocity.cpp:52: [0012FE68]: 
.\application\carai.cpp:22: [0012FF14]: 
.\application\jigtestapp.cpp:56: [0012FCE0]: 
.\application\jigtestapp.cpp:1486: [0012FCE0]: 
.\framework\sdlapplicationbase.cpp:80: [0012FCE0]: 
Initializing SDL.
SDL initialized.
.\utils\src\configfile.cpp:16: [01245838]: 
.\utils\src\configfile.cpp:99: [01245838]: 
.\utils\src\configfile.cpp:16: [01245838]: 
.\utils\src\configfile.cpp:99: [01245838]: 
.\utils\src\configfile.cpp:16: [01245838]: 
.\utils\src\configfile.cpp:99: [01245838]: 
.\application\jigtestapp.cpp:1400: [0012FCE0]: 
.\utils\src\configfile.cpp:16: [01245838]: 
.\utils\src\configfile.cpp:99: [01245838]: 
.\utils\src\configfile.cpp:16: [01245838]: 
.\utils\src\configfile.cpp:99: [01245838]: 
.\utils\src\configfile.cpp:16: [01245838]: 
.\utils\src\configfile.cpp:99: [01245838]: 
.\utils\src\configfile.cpp:16: [01245838]: 
.\utils\src\configfile.cpp:99: [01245838]: 
.\utils\src\configfile.cpp:16: [01245838]: 
.\utils\src\configfile.cpp:99: [01245838]: 
.\utils\src\configfile.cpp:16: [01245838]: 
.\utils\src\configfile.cpp:99: [01245838]: 
.\utils\src\configfile.cpp:16: [01245838]: 
.\utils\src\configfile.cpp:99: [01245838]: 
.\utils\src\configfile.cpp:16: [01245838]: 
.\utils\src\configfile.cpp:99: [01245838]: 
.\utils\src\configfile.cpp:16: [01245838]: 
.\utils\src\configfile.cpp:99: [01245838]: 
.\utils\src\configfile.cpp:16: [01245838]: 
.\utils\src\configfile.cpp:99: [01245838]: 
.\utils\src\configfile.cpp:16: [01245838]: 
.\utils\src\configfile.cpp:99: [01245838]: 
.\utils\src\configfile.cpp:16: [01245838]: 
.\utils\src\configfile.cpp:99: [01245838]: 
.\utils\src\configfile.cpp:16: [01245838]: 
.\utils\src\configfile.cpp:99: [01245838]: 
.\utils\src\configfile.cpp:16: [01245838]: 
.\utils\src\configfile.cpp:99: [01245838]: 
.\utils\src\configfile.cpp:16: [01245838]: 
.\utils\src\configfile.cpp:99: [01245838]: 
.\utils\src\configfile.cpp:16: [01245838]: 
.\utils\src\configfile.cpp:99: [01245838]: 
.\utils\src\configfile.cpp:16: [01245838]: 
.\utils\src\configfile.cpp:99: [01245838]: 
.\utils\src\configfile.cpp:16: [01245838]: 
.\utils\src\configfile.cpp:99: [01245838]: 
.\utils\src\configfile.cpp:16: [01245838]: 
.\utils\src\configfile.cpp:99: [01245838]: 
.\utils\src\configfile.cpp:16: [01245838]: 
.\utils\src\configfile.cpp:99: [01245838]: 
.\utils\src\configfile.cpp:16: [01245838]: 
.\utils\src\configfile.cpp:99: [01245838]: 
.\utils\src\configfile.cpp:16: [01245838]: 
.\utils\src\configfile.cpp:99: [01245838]: 
.\utils\src\configfile.cpp:16: [01245838]: 
.\utils\src\configfile.cpp:99: [01245838]: 
.\utils\src\configfile.cpp:16: [01245838]: 
.\utils\src\configfile.cpp:99: [01245838]: 
.\utils\src\configfile.cpp:16: [01245838]: 
.\utils\src\configfile.cpp:99: [01245838]: 
.\utils\src\configfile.cpp:16: [01245838]: 
.\utils\src\configfile.cpp:99: [01245838]: 
.\utils\src\configfile.cpp:16: [01245838]: 
.\utils\src\configfile.cpp:99: [01245838]: 
.\utils\src\configfile.cpp:16: [01245838]: 
.\utils\src\configfile.cpp:99: [01245838]: 
.\utils\src\configfile.cpp:16: [01245838]: 
.\utils\src\configfile.cpp:99: [01245838]: 
.\utils\src\configfile.cpp:16: [01245838]: 
.\utils\src\configfile.cpp:99: [01245838]: 
.\utils\src\configfile.cpp:16: [01245838]: 
.\utils\src\configfile.cpp:99: [01245838]: 
.\physics\src\physicssystem.cpp:1567: [0012FD1C]: 
.\application\jigtestapp.cpp:946: [0012FCE0]: 
.\application\jigtestapp.cpp:1881: [0012FCE0]: 
.\physics\src\constraint.cpp:51: [0012FDE8]: 
Creating tCollisionSystemBrute
.\collision\src\collisionsystem.cpp:21: [01247B48]: 
.\collision\src\colldetectboxheightmap.cpp:23: [00654D94]: 
.\collision\src\collisionsystem.cpp:69: [01247B48]: 
.\collision\src\collisionsystem.cpp:69: [01247B48]: 
.\collision\src\collisionsystem.cpp:69: [01247B48]: 
.\collision\src\collisionsystem.cpp:69: [01247B48]: 
.\collision\src\collisionsystem.cpp:69: [01247B48]: 
.\collision\src\collisionsystem.cpp:69: [01247B48]: 
.\collision\src\collisionsystem.cpp:69: [01247B48]: 
.\collision\src\collisionsystem.cpp:69: [01247B48]: 
.\collision\src\collisionsystem.cpp:69: [01247B48]: 
.\collision\src\collisionsystem.cpp:69: [01247B48]: 
.\collision\src\collisionsystem.cpp:69: [01247B48]: 
.\collision\src\collisionsystem.cpp:69: [01247B48]: 
.\collision\src\collisionsystem.cpp:69: [01247B48]: 
.\collision\src\collisionsystem.cpp:69: [01247B48]: 
.\collision\src\collisionsystem.cpp:69: [01247B48]: 
.\collision\src\collisionsystembrute.cpp:22: [01247B48]: 
.\utils\src\configfile.cpp:16: [01245838]: 
.\utils\src\configfile.cpp:99: [01245838]: 
.\utils\src\configfile.cpp:16: [01245838]: 
.\utils\src\configfile.cpp:99: [01245838]: 
.\utils\src\configfile.cpp:16: [01245838]: 
.\utils\src\configfile.cpp:99: [01245838]: 
.\utils\src\configfile.cpp:16: [01245838]: 
.\utils\src\configfile.cpp:99: [01245838]: 
.\utils\src\configfile.cpp:16: [01245838]: 
.\utils\src\configfile.cpp:99: [01245838]: 
.\utils\src\configfile.cpp:16: [01245838]: 
.\utils\src\configfile.cpp:99: [01245838]: 
.\utils\src\configfile.cpp:16: [01245838]: 
.\utils\src\configfile.cpp:99: [01245838]: 
.\utils\src\configfile.cpp:16: [01245838]: 
.\utils\src\configfile.cpp:99: [01245838]: 
.\framework\renderobject.cpp:21: [01249AB8]: 
.\application\object.cpp:22: [01249AB8]: 
.\collision\src\collisionskin.cpp:188: [01249AC4]: 
.\application\planeobject.cpp:20: [01249AB8]: 
.\framework\renderobject.cpp:21: [01249D48]: 
.\application\object.cpp:22: [01249D48]: 
.\collision\src\collisionskin.cpp:188: [01249D54]: 
.\application\planeobject.cpp:20: [01249D48]: 
.\framework\renderobject.cpp:21: [0124A008]: 
.\application\object.cpp:22: [0124A008]: 
.\collision\src\collisionskin.cpp:188: [0124A014]: 
.\application\planeobject.cpp:20: [0124A008]: 
.\framework\renderobject.cpp:21: [0124A2C8]: 
.\application\object.cpp:22: [0124A2C8]: 
.\collision\src\collisionskin.cpp:188: [0124A2D4]: 
.\application\planeobject.cpp:20: [0124A2C8]: 
.\utils\src\configfile.cpp:16: [01245838]: 
.\utils\src\configfile.cpp:99: [01245838]: 
.\utils\src\configfile.cpp:16: [01245838]: 
.\utils\src\configfile.cpp:99: [01245838]: 
.\utils\src\configfile.cpp:16: [01245838]: 
.\utils\src\configfile.cpp:99: [01245838]: 
.\utils\src\configfile.cpp:16: [01245838]: 
.\utils\src\configfile.cpp:99: [01245838]: 
.\utils\src\configfile.cpp:16: [01245838]: 
.\utils\src\configfile.cpp:99: [01245838]: 
.\utils\src\configfile.cpp:16: [01245838]: 
.\utils\src\configfile.cpp:99: [01245838]: 
.\utils\src\configfile.cpp:16: [01245838]: 
.\utils\src\configfile.cpp:99: [01245838]: 
.\utils\src\configfile.cpp:16: [01245838]: 
.\utils\src\configfile.cpp:99: [01245838]: 
.\utils\src\configfile.cpp:16: [01245838]: 
.\utils\src\configfile.cpp:99: [01245838]: 
.\utils\src\configfile.cpp:16: [01245838]: 
.\utils\src\configfile.cpp:99: [01245838]: 
.\utils\src\configfile.cpp:16: [01245838]: 
.\utils\src\configfile.cpp:99: [01245838]: 
.\framework\renderobject.cpp:21: [0124A600]: 
.\application\object.cpp:22: [0124A600]: 
.\physics\src\body.cpp:25: [0124A60C]: 
.\collision\src\collisionskin.cpp:188: [0124A848]: 
.\application\sphereobject.cpp:27: [0124A600]: 
.\physics\src\body.cpp:372: [0124A60C]: 
.\utils\src\configfile.cpp:16: [01245838]: 
.\utils\src\configfile.cpp:99: [01245838]: 
.\utils\src\configfile.cpp:16: [01245838]: 
.\utils\src\configfile.cpp:99: [01245838]: 
.\utils\src\configfile.cpp:16: [01245838]: 
.\utils\src\configfile.cpp:99: [01245838]: 
.\utils\src\configfile.cpp:16: [01245838]: 
.\utils\src\configfile.cpp:99: [01245838]: 
.\utils\src\configfile.cpp:16: [01245838]: 
.\utils\src\configfile.cpp:99: [01245838]: 
.\utils\src\configfile.cpp:16: [01245838]: 
.\utils\src\configfile.cpp:99: [01245838]: 
.\application\jigtestapp.cpp:1769: [0012FCE0]: 
.\utils\src\configfile.cpp:16: [01245838]: 
.\utils\src\configfile.cpp:99: [01245838]: 
.\utils\src\configfile.cpp:16: [01245838]: 
.\utils\src\configfile.cpp:99: [01245838]: 
.\utils\src\configfile.cpp:16: [01245838]: 
.\utils\src\configfile.cpp:99: [01245838]: 
.\utils\src\configfile.cpp:16: [01245838]: 
.\utils\src\configfile.cpp:99: [01245838]: 
.\utils\src\configfile.cpp:16: [01245838]: 
.\utils\src\configfile.cpp:99: [01245838]: 
.\utils\src\configfile.cpp:16: [01245838]: 
.\utils\src\configfile.cpp:99: [01245838]: 
.\utils\src\configfile.cpp:16: [01245838]: 
.\utils\src\configfile.cpp:99: [01245838]: 
.\utils\src\configfile.cpp:16: [01245838]: 
.\utils\src\configfile.cpp:99: [01245838]: 
.\utils\src\configfile.cpp:16: [01245838]: 
.\utils\src\configfile.cpp:99: [01245838]: 
.\utils\src\configfile.cpp:16: [01245838]: 
.\utils\src\configfile.cpp:99: [01245838]: 
.\utils\src\configfile.cpp:16: [01245838]: 
.\utils\src\configfile.cpp:99: [01245838]: 
.\utils\src\configfile.cpp:16: [01245838]: 
.\utils\src\configfile.cpp:99: [01245838]: 
.\utils\src\configfile.cpp:16: [01245838]: 
.\utils\src\configfile.cpp:99: [01245838]: 
.\utils\src\configfile.cpp:16: [01245838]: 
.\utils\src\configfile.cpp:99: [01245838]: 
.\utils\src\configfile.cpp:16: [01245838]: 
.\utils\src\configfile.cpp:99: [01245838]: 
.\utils\src\configfile.cpp:16: [01245838]: 
.\utils\src\configfile.cpp:99: [01245838]: 
.\utils\src\configfile.cpp:16: [01245838]: 
.\utils\src\configfile.cpp:99: [01245838]: 
.\framework\renderobject.cpp:21: [0124ABC0]: 
.\application\object.cpp:22: [0124ABC0]: 
.\physics\src\body.cpp:25: [0124ABCC]: 
.\collision\src\collisionskin.cpp:188: [0124AE08]: 
.\application\boxobject.cpp:31: [0124ABC0]: 
.\physics\src\body.cpp:372: [0124ABCC]: 
.\utils\src\configfile.cpp:16: [01245838]: 
.\utils\src\configfile.cpp:99: [01245838]: 
.\utils\src\configfile.cpp:16: [01245838]: 
.\utils\src\configfile.cpp:99: [01245838]: 
.\utils\src\configfile.cpp:16: [01245838]: 
.\utils\src\configfile.cpp:99: [01245838]: 
.\utils\src\configfile.cpp:16: [01245838]: 
.\utils\src\configfile.cpp:99: [01245838]: 
.\utils\src\configfile.cpp:16: [01245838]: 
.\utils\src\configfile.cpp:99: [01245838]: 
.\utils\src\configfile.cpp:16: [01245838]: 
.\utils\src\configfile.cpp:99: [01245838]: 
.\utils\src\configfile.cpp:16: [01245838]: 
.\utils\src\configfile.cpp:99: [01245838]: 
.\utils\src\configfile.cpp:16: [01245838]: 
.\utils\src\configfile.cpp:99: [01245838]: 
.\utils\src\configfile.cpp:16: [01245838]: 
.\utils\src\configfile.cpp:99: [01245838]: 
.\utils\src\configfile.cpp:16: [01245838]: 
.\utils\src\configfile.cpp:99: [01245838]: 
.\utils\src\configfile.cpp:16: [01245838]: 
.\utils\src\configfile.cpp:99: [01245838]: 
.\utils\src\configfile.cpp:16: [01245838]: 
.\utils\src\configfile.cpp:99: [01245838]: 
.\utils\src\configfile.cpp:16: [01245838]: 
.\utils\src\configfile.cpp:99: [01245838]: 
.\application\jigtestapp.cpp:1820: [0012FCE0]: 
.\utils\src\configfile.cpp:16: [01245838]: 
.\utils\src\configfile.cpp:99: [01245838]: 
.\utils\src\configfile.cpp:16: [01245838]: 
.\utils\src\configfile.cpp:99: [01245838]: 
.\utils\src\configfile.cpp:16: [01245838]: 
.\utils\src\configfile.cpp:99: [01245838]: 
.\utils\src\configfile.cpp:16: [01245838]: 
.\utils\src\configfile.cpp:99: [01245838]: 
.\utils\src\configfile.cpp:16: [01245838]: 
.\utils\src\configfile.cpp:99: [01245838]: 
.\utils\src\configfile.cpp:16: [01245838]: 
.\utils\src\configfile.cpp:99: [01245838]: 
.\utils\src\configfile.cpp:16: [01245838]: 
.\utils\src\configfile.cpp:99: [01245838]: 
.\utils\src\configfile.cpp:16: [01245838]: 
.\utils\src\configfile.cpp:99: [01245838]: 
.\utils\src\configfile.cpp:16: [01245838]: 
.\utils\src\configfile.cpp:99: [01245838]: 
.\utils\src\configfile.cpp:16: [01245838]: 
.\utils\src\configfile.cpp:99: [01245838]: 
.\utils\src\configfile.cpp:16: [01245838]: 
.\utils\src\configfile.cpp:99: [01245838]: 
.\utils\src\configfile.cpp:16: [01245838]: 
.\utils\src\configfile.cpp:99: [01245838]: 
.\framework\camera.cpp:38: [0124B1B8]: 
.\framework\viewport.cpp:32: [0124B270]: 
.\application\jigtestapp.cpp:1504: [0012FCE0]: 
New number of objects = 6
Using QueryPerformance for timing
FPS = 42.00, Physics duration =  0.06ms which is  0.62% of the timestep
FPS = 75.00, Physics duration =  0.07ms which is  0.65% of the timestep
FPS = 74.00, Physics duration =  0.04ms which is  0.40% of the timestep
FPS = 75.00, Physics duration =  0.03ms which is  0.35% of the timestep
FPS = 74.00, Physics duration =  0.03ms which is  0.34% of the timestep
FPS = 74.00, Physics duration =  0.03ms which is  0.34% of the timestep
FPS = 75.00, Physics duration =  0.04ms which is  0.36% of the timestep
.\application\jigtestapp.cpp:1504: [0012FCE0]: 
.\application\jigtestapp.cpp:77: [0012FCE0]: 
.\application\planeobject.cpp:38: [01249AB8]: 
.\collision\src\collisionskin.cpp:172: [01249AC4]: 
.\application\object.cpp:30: [01249AB8]: 
.\framework\renderobject.cpp:30: [01249AB8]: 
.\application\planeobject.cpp:38: [01249D48]: 
.\collision\src\collisionskin.cpp:172: [01249D54]: 
.\application\object.cpp:30: [01249D48]: 
.\framework\renderobject.cpp:30: [01249D48]: 
.\application\planeobject.cpp:38: [0124A008]: 
.\collision\src\collisionskin.cpp:172: [0124A014]: 
.\application\object.cpp:30: [0124A008]: 
.\framework\renderobject.cpp:30: [0124A008]: 
.\application\planeobject.cpp:38: [0124A2C8]: 
.\collision\src\collisionskin.cpp:172: [0124A2D4]: 
.\application\object.cpp:30: [0124A2C8]: 
.\framework\renderobject.cpp:30: [0124A2C8]: 
.\application\sphereobject.cpp:44: [0124A600]: 
.\collision\src\collisionskin.cpp:172: [0124A848]: 
.\physics\src\body.cpp:64: [0124A60C]: 
.\physics\src\body.cpp:384: [0124A60C]: 
.\application\object.cpp:30: [0124A600]: 
.\framework\renderobject.cpp:30: [0124A600]: 
.\application\boxobject.cpp:55: [0124ABC0]: 
.\collision\src\collisionskin.cpp:172: [0124AE08]: 
.\physics\src\body.cpp:64: [0124ABCC]: 
.\physics\src\body.cpp:384: [0124ABCC]: 
.\application\object.cpp:30: [0124ABC0]: 
.\framework\renderobject.cpp:30: [0124ABC0]: 
.\framework\camera.cpp:50: [0124B1B8]: 
.\framework\viewport.cpp:40: [0124B270]: 
.\collision\src\collisionsystembrute.cpp:32: [01247B48]: 
.\collision\src\collisionsystem.cpp:61: [01247B48]: 
.\physics\src\constraintvelocity.cpp:39: [0012FE68]: 
.\physics\src\constraintvelocity.cpp:89: [0012FE68]: 
.\physics\src\constraint.cpp:51: [0012FE68]: 
.\physics\src\constraint.cpp:29: [0012FE68]: 
.\physics\src\constraint.cpp:51: [0012FE68]: 
.\physics\src\constraintworldpoint.cpp:43: [0012FE44]: 
.\physics\src\constraint.cpp:29: [0012FE44]: 
.\physics\src\constraint.cpp:51: [0012FE44]: 
.\physics\src\constraintvelocity.cpp:39: [0012FDE8]: 
.\physics\src\constraintvelocity.cpp:89: [0012FDE8]: 
.\physics\src\constraint.cpp:51: [0012FDE8]: 
.\physics\src\constraint.cpp:29: [0012FDE8]: 
.\physics\src\constraint.cpp:51: [0012FDE8]: 
.\framework\rendermanager.cpp:28: [0012FDB8]: 
.\physics\src\physicssystem.cpp:64: [0012FD1C]: 
.\framework\sdlapplicationbase.cpp:72: [0012FCE0]: 
Program exiting normally
